生成启动时间为 2018/11/2 0:16:45。
     1>项目“D:\源代码\c++课\实验十\实验十\实验十.vcxproj”在节点 2 上(build 个目标)。
     1>InitializeBuildStatus:
         正在对“Debug\实验十.unsuccessfulbuild”执行 Touch 任务。
       GenerateTargetFrameworkMonikerAttribute:
       正在跳过目标“GenerateTargetFrameworkMonikerAttribute”，因为所有输出文件相对于输入文件而言都是最新的。
       ClCompile:
         C:\Program Files (x86)\Microsoft Visual Studio 10.0\VC\bin\CL.exe /c /AI"C:\Program Files (x86)\Reference Assemblies\Microsoft\Framework\.NETFramework\v4.0" /Zi /clr /nologo /W3 /WX- /Od /Oy- /D WIN32 /D _DEBUG /D _UNICODE /D UNICODE /EHa /MDd /GS /fp:precise /Zc:wchar_t /Zc:forScope /Fo"Debug\\" /Fd"Debug\vc100.pdb" /TP /FU"C:\Program Files (x86)\Reference Assemblies\Microsoft\Framework\.NETFramework\v4.0\System.Core.dll" /analyze- /errorReport:prompt Manager.cpp MYmain.cpp /clr:nostdlib 
         Manager.cpp
         MYmain.cpp
         正在生成代码...
         所有输出均为最新。
       Link:
         C:\Program Files (x86)\Microsoft Visual Studio 10.0\VC\bin\link.exe /ERRORREPORT:PROMPT /OUT:"D:\源代码\c++课\实验十\Debug\实验十.exe" /INCREMENTAL /NOLOGO /MANIFEST /ManifestFile:"Debug\实验十.exe.intermediate.manifest" /MANIFESTUAC:"level='asInvoker' uiAccess='false'" /DEBUG /PDB:"D:\源代码\c++课\实验十\Debug\实验十.pdb" /ASSEMBLYDEBUG /TLBID:1 /DYNAMICBASE /FIXED:NO /NXCOMPAT /MACHINE:X86 Debug\employcpp.obj
         Debug\Intern.obj
         Debug\Manager.obj
         Debug\MYmain.obj
         Debug\Programmer.obj
         "Debug\.NETFramework,Version=v4.0.AssemblyAttributes.obj"
         实验十.vcxproj -> D:\源代码\c++课\实验十\Debug\实验十.exe
       Manifest:
         C:\Program Files (x86)\Microsoft SDKs\Windows\v7.0A\bin\mt.exe /nologo /verbose /outputresource:"D:\源代码\c++课\实验十\Debug\实验十.exe;#1" /manifest "Debug\实验十.exe.intermediate.manifest"
       FinalizeBuildStatus:
         正在删除文件“Debug\实验十.unsuccessfulbuild”。
         正在对“Debug\实验十.lastbuildstate”执行 Touch 任务。
     1>已完成生成项目“D:\源代码\c++课\实验十\实验十\实验十.vcxproj”(build 个目标)的操作。

生成成功。

已用时间 00:00:01.44
